<?xml version="1.0" encoding="UTF-8"?>
<testsuite name="SolutionTest" tests="2" skipped="0" failures="0" errors="0" timestamp="2022-07-18T16:17:50" hostname="yuanyu-ubuntu" time="0.02">
  <properties/>
  <testcase name="canCompleteCircuitExamples1()" classname="SolutionTest" time="0.019"/>
  <testcase name="canCompleteCircuitExamples2()" classname="SolutionTest" time="0.001"/>
  <system-out><![CDATA[]]></system-out>
  <system-err><![CDATA[]]></system-err>
</testsuite>
